<?xml version="1.0" encoding="UTF-8"?>
<testng-results ignored="0" total="1" passed="1" failed="0" skipped="0">
  <reporter-output>
  </reporter-output>
  <suite started-at="2022-03-27T11:40:29 EDT" name="Default suite" finished-at="2022-03-27T11:40:39 EDT" duration-ms="9549">
    <groups>
    </groups>
    <test started-at="2022-03-27T11:40:29 EDT" name="Default test" finished-at="2022-03-27T11:40:39 EDT" duration-ms="9549">
      <class name="com.store.test.ChromeTest">
        <test-method is-config="true" signature="setupClass()[pri:0, instance:com.store.test.ChromeTest@45099dd3]" started-at="2022-03-27T11:40:29 EDT" name="setupClass" finished-at="2022-03-27T11:40:33 EDT" duration-ms="3348" status="PASS">
          <reporter-output>
          </reporter-output>
        </test-method> <!-- setupClass -->
        <test-method is-config="true" signature="setupTest()[pri:0, instance:com.store.test.ChromeTest@45099dd3]" started-at="2022-03-27T11:40:33 EDT" name="setupTest" finished-at="2022-03-27T11:40:37 EDT" duration-ms="4546" status="PASS">
          <reporter-output>
          </reporter-output>
        </test-method> <!-- setupTest -->
        <test-method signature="testOne()[pri:0, instance:com.store.test.ChromeTest@45099dd3]" started-at="2022-03-27T11:40:37 EDT" name="testOne" finished-at="2022-03-27T11:40:39 EDT" duration-ms="1167" status="PASS">
          <reporter-output>
          </reporter-output>
        </test-method> <!-- testOne -->
        <test-method is-config="true" signature="tearDown()[pri:0, instance:com.store.test.ChromeTest@45099dd3]" started-at="2022-03-27T11:40:39 EDT" name="tearDown" finished-at="2022-03-27T11:40:39 EDT" duration-ms="405" status="PASS">
          <reporter-output>
          </reporter-output>
        </test-method> <!-- tearDown -->
      </class> <!-- com.store.test.ChromeTest -->
    </test> <!-- Default test -->
  </suite> <!-- Default suite -->
</testng-results>
